<?xml version="1.0" encoding="UTF-8"?>
<testsuite xmlns:xsi="http://www.w3.org/2001/XMLSchema-instance" xsi:noNamespaceSchemaLocation="https://maven.apache.org/surefire/maven-surefire-plugin/xsd/surefire-test-report-3.0.xsd" version="3.0" name="com.jalal.deploytest.DeploytestApplicationTests" time="12.773" tests="1" errors="0" skipped="0" failures="0">
  <properties>
[...]
</properties>
  <testcase name="contextLoads" classname="com.jalal.deploytest.DeploytestApplicationTests" time="2.37">
    <system-out><![CDATA[23:56:08.883 [main] INFO org.springframework.test.context.support.AnnotationConfigContextLoaderUtils -- Could not detect default configuration classes for test class [com.jalal.deploytest.DeploytestApplicationTests]: DeploytestApplicationTests does not declare any static, non-private, non-final, nested classes annotated with @Configuration.
23:56:09.889 [main] INFO org.springframework.boot.test.context.SpringBootTestContextBootstrapper -- Found @SpringBootConfiguration com.jalal.deploytest.DeploytestApplication for test class com.jalal.deploytest.DeploytestApplicationTests

  .   ____          _            __ _ _
 /\\ / ___'_ __ _ _(_)_ __  __ _ \ \ \ \
( ( )\___ | '_ | '_| | '_ \/ _` | \ \ \ \
 \\/  ___)| |_)| | | | | || (_| |  ) ) ) )
  '  |____| .__|_| |_|_| |_\__, | / / / /
 =========|_|==============|___/=/_/_/_/

 :: Spring Boot ::                (v3.3.2)

2024-08-19T23:56:12.592+06:00  INFO 15535 --- [deploytest] [           main] c.j.d.DeploytestApplicationTests         : Starting DeploytestApplicationTests using Java 17.0.5 with PID 15535 (started by linux in /home/linux/Passion/java/temporary_code/deploy_github_server/deploytest)
2024-08-19T23:56:12.595+06:00  INFO 15535 --- [deploytest] [           main] c.j.d.DeploytestApplicationTests         : No active profile set, falling back to 1 default profile: "default"
2024-08-19T23:56:16.963+06:00  INFO 15535 --- [deploytest] [           main] o.s.b.a.w.s.WelcomePageHandlerMapping    : Adding welcome page template: index
2024-08-19T23:56:17.777+06:00  INFO 15535 --- [deploytest] [           main] c.j.d.DeploytestApplicationTests         : Started DeploytestApplicationTests in 6.824 seconds (process running for 12.468)
]]></system-out>
  </testcase>
</testsuite>